<?xml version="1.0" encoding="UTF-8"?>
<!-- Generated by org.testng.reporters.JUnitReportReporter -->
<testsuite hostname="LAPTOP-EH437ICE" failures="0" tests="3" name="LoginModuleTest.sauceDemoLoginTest" time="1.041" errors="0" timestamp="2023-04-28T14:48:00 IST" skipped="0">
  <testcase classname="LoginModuleTest.sauceDemoLoginTest" name="loginApp" time="0.238"/>
  <system-out/>
  <testcase classname="LoginModuleTest.sauceDemoLoginTest" name="searchFilterVerify" time="0.296"/>
  <system-out/>
  <testcase classname="LoginModuleTest.sauceDemoLoginTest" name="verifyTitle" time="0.507"/>
  <system-out/>
</testsuite> <!-- LoginModuleTest.sauceDemoLoginTest -->
